[2023-02-17 10:29:37,844] root - INFO - >>>>>>>>>>>>>>>>>>>>>>>>>>>>>>>>>>>>>>>> Data Ingestion <<<<<<<<<<<<<<<<<<<<<<<<<<<<<<<<<<<<<<<<
[2023-02-17 10:29:37,844] root - INFO - Exporting collection data as pandas dataframe
[2023-02-17 10:29:37,845] root - INFO - Reading data from database: ADS and collection: ADS CLICK SYSTEM
[2023-02-17 10:29:37,915] root - INFO - Found columns: Index(['_id', 'Daily Time Spent on Site', 'Age', 'Area Income',
       'Daily Internet Usage', 'City', 'Gender', 'Country', 'Clicked on Ad'],
      dtype='object')
[2023-02-17 10:29:37,915] root - INFO - Dropping column: _id 
[2023-02-17 10:29:37,917] root - INFO - Row and columns in df: (10000, 8)
[2023-02-17 10:29:37,917] root - INFO - Save data in feature store
[2023-02-17 10:29:37,919] root - INFO - Creating feature store if not exist
[2023-02-17 10:29:37,920] root - INFO - save df to feature store folder
[2023-02-17 10:29:37,971] root - INFO - split dataset into train and test set
[2023-02-17 10:29:37,974] root - INFO - create dataset directory folder if not available
[2023-02-17 10:29:37,974] root - INFO - save df to feature store folder
[2023-02-17 10:29:38,031] root - INFO - Data ingestion artifact: DataIngestionArtifact(feature_store_file_path='/config/workspace/artifact/02172023__102937/data_ingestion/feature_store/advertising.csv', train_file_path='/config/workspace/artifact/02172023__102937/data_ingestion/dataset/train.csv', test_file_path='/config/workspace/artifact/02172023__102937/data_ingestion/dataset/test.csv')
[2023-02-17 10:29:38,034] root - INFO - >>>>>>>>>>>>>>>>>>>>>>>>>>>>>>>>>>>>>>>> Data Validation <<<<<<<<<<<<<<<<<<<<<<<<<<<<<<<<<<<<<<<<
[2023-02-17 10:29:38,034] root - INFO - Reading base dataframe
[2023-02-17 10:29:38,043] root - INFO - Replace na value in base df
[2023-02-17 10:29:38,043] root - INFO - Drop null values colums from base df
[2023-02-17 10:29:38,048] root - INFO - Selecting column name which contain null values aboves to0.2
[2023-02-17 10:29:38,049] root - INFO - Column to drop :[]
[2023-02-17 10:29:38,050] root - INFO - Reading train dataframe
[2023-02-17 10:29:38,058] root - INFO - Reading test dataframe
[2023-02-17 10:29:38,062] root - INFO - Drop null values colums from train df
[2023-02-17 10:29:38,066] root - INFO - Selecting column name which contain null values aboves to0.2
[2023-02-17 10:29:38,067] root - INFO - Column to drop :[]
[2023-02-17 10:29:38,067] root - INFO - Drop null values colums from test df
[2023-02-17 10:29:38,069] root - INFO - Selecting column name which contain null values aboves to0.2
[2023-02-17 10:29:38,069] root - INFO - Column to drop :[]
[2023-02-17 10:29:38,074] root - INFO - Is all required columns present in train df
[2023-02-17 10:29:38,075] root - INFO - Is all required columns present in test df
[2023-02-17 10:29:38,075] root - INFO - As all column are available in train df hence detecting data drift
[2023-02-17 10:29:38,075] root - INFO - Hypothesis Daily Time Spent on Site: float64, float64 
[2023-02-17 10:29:38,084] root - INFO - Hypothesis Age: float64, float64 
[2023-02-17 10:29:38,091] root - INFO - Hypothesis Area Income: float64, float64 
[2023-02-17 10:29:38,098] root - INFO - Hypothesis Daily Internet Usage: float64, float64 
[2023-02-17 10:29:38,107] root - INFO - Hypothesis Gender: object, object 
[2023-02-17 10:29:38,130] root - INFO - Hypothesis Clicked on Ad: int64, int64 
[2023-02-17 10:29:38,131] root - INFO - As all column are available in test df hence detecting data drift
[2023-02-17 10:29:38,131] root - INFO - Hypothesis Daily Time Spent on Site: float64, float64 
[2023-02-17 10:29:38,139] root - INFO - Hypothesis Age: float64, float64 
[2023-02-17 10:29:38,146] root - INFO - Hypothesis Area Income: float64, float64 
[2023-02-17 10:29:38,152] root - INFO - Hypothesis Daily Internet Usage: float64, float64 
[2023-02-17 10:29:38,159] root - INFO - Hypothesis Gender: object, object 
[2023-02-17 10:29:38,175] root - INFO - Hypothesis Clicked on Ad: int64, int64 
[2023-02-17 10:29:38,177] root - INFO - Write reprt in yaml file
[2023-02-17 10:29:38,181] root - INFO - Data validation artifact: DataValidationArtifact(report_file_path='/config/workspace/artifact/02172023__102937/data_validation/report.yaml')
[2023-02-17 10:29:38,181] root - INFO - >>>>>>>>>>>>>>>>>>>>>>>>>>>>>>>>>>>>>>>> Data Transformation <<<<<<<<<<<<<<<<<<<<<<<<<<<<<<<<<<<<<<<<
[2023-02-17 10:29:38,223] root - INFO - >>>>>>>>>>>>>>>>>>>>>>>>>>>>>>>>>>>>>>>> Model Trainer <<<<<<<<<<<<<<<<<<<<<<<<<<<<<<<<<<<<<<<<
[2023-02-17 10:29:38,223] root - INFO - Loading train and test array.
[2023-02-17 10:29:38,228] root - INFO - Splitting input and target feature from both train and test arr.
[2023-02-17 10:29:38,228] root - INFO - Train the model
[2023-02-17 10:29:40,208] root - INFO - Calculating f1 train score
[2023-02-17 10:29:40,222] root - INFO - Calculating f1 test score
[2023-02-17 10:29:40,230] root - INFO - train score:0.9649368863955119 and tests score 0.7579173376274826
[2023-02-17 10:29:40,230] root - INFO - Checking if our model is underfitting or not
[2023-02-17 10:29:40,230] root - INFO - Checking if our model is overfiiting or not
[2023-02-17 10:29:40,230] root - INFO - Saving mode object
[2023-02-17 10:29:40,236] root - INFO - Prepare the artifact
[2023-02-17 10:29:40,236] root - INFO - Model trainer artifact: ModelTrainerArtifact(model_path='/config/workspace/artifact/02172023__102937/model_trainer/model/model.pkl', f1_train_score=0.9649368863955119, f1_test_score=0.7579173376274826)
[2023-02-17 10:29:40,236] root - INFO - >>>>>>>>>>>>>>>>>>>>>>>>>>>>>>>>>>>>>>>>  Model Evaluation <<<<<<<<<<<<<<<<<<<<<<<<<<<<<<<<<<<<<<<<
[2023-02-17 10:29:40,236] root - INFO - if saved model folder has model the we will compare which model is best trained or the model from saved model folder
[2023-02-17 10:29:40,236] root - INFO - Model evaluation artifact: ModelEvaluationArtifact(is_model_accepted=True, improved_accuracy=None)
[2023-02-17 10:29:40,237] root - INFO - >>>>>>>>>>>>>>>>>>>>>>>>>>>>>>>>>>>>>>>> Data Transformation <<<<<<<<<<<<<<<<<<<<<<<<<<<<<<<<<<<<<<<<
[2023-02-17 10:29:40,237] root - INFO - Loading transformer model and target encoder
[2023-02-17 10:29:40,242] root - INFO - Saving model into model pusher directory
