[2023-02-17 09:32:19,642] root - INFO - >>>>>>>>>>>>>>>>>>>>>>>>>>>>>>>>>>>>>>>> Data Ingestion <<<<<<<<<<<<<<<<<<<<<<<<<<<<<<<<<<<<<<<<
[2023-02-17 09:32:19,642] root - INFO - Exporting collection data as pandas dataframe
[2023-02-17 09:32:19,642] root - INFO - Reading data from database: ADS and collection: ADS CLICK SYSTEM
[2023-02-17 09:32:19,798] root - INFO - Found columns: Index(['_id', 'Daily Time Spent on Site', 'Age', 'Area Income',
       'Daily Internet Usage', 'City', 'Gender', 'Country', 'Clicked on Ad'],
      dtype='object')
[2023-02-17 09:32:19,798] root - INFO - Dropping column: _id 
[2023-02-17 09:32:19,801] root - INFO - Row and columns in df: (10000, 8)
[2023-02-17 09:32:19,801] root - INFO - Save data in feature store
[2023-02-17 09:32:19,803] root - INFO - Creating feature store if not exist
[2023-02-17 09:32:19,803] root - INFO - save df to feature store folder
[2023-02-17 09:32:19,856] root - INFO - split dataset into train and test set
[2023-02-17 09:32:19,859] root - INFO - create dataset directory folder if not available
[2023-02-17 09:32:19,860] root - INFO - save df to feature store folder
[2023-02-17 09:32:19,914] root - INFO - Data ingestion artifact: DataIngestionArtifact(feature_store_file_path='/config/workspace/artifact/02172023__093219/data_ingestion/feature_store/advertising.csv', train_file_path='/config/workspace/artifact/02172023__093219/data_ingestion/dataset/train.csv', test_file_path='/config/workspace/artifact/02172023__093219/data_ingestion/dataset/test.csv')
[2023-02-17 09:32:19,917] root - INFO - >>>>>>>>>>>>>>>>>>>>>>>>>>>>>>>>>>>>>>>> Data Validation <<<<<<<<<<<<<<<<<<<<<<<<<<<<<<<<<<<<<<<<
[2023-02-17 09:32:19,917] root - INFO - Reading base dataframe
[2023-02-17 09:32:19,934] root - INFO - Replace na value in base df
[2023-02-17 09:32:19,934] root - INFO - Drop null values colums from base df
[2023-02-17 09:32:19,939] root - INFO - Selecting column name which contain null values aboves to0.2
[2023-02-17 09:32:19,940] root - INFO - Column to drop :[]
[2023-02-17 09:32:19,940] root - INFO - Reading train dataframe
[2023-02-17 09:32:19,948] root - INFO - Reading test dataframe
[2023-02-17 09:32:19,952] root - INFO - Drop null values colums from train df
[2023-02-17 09:32:19,957] root - INFO - Selecting column name which contain null values aboves to0.2
[2023-02-17 09:32:19,957] root - INFO - Column to drop :[]
[2023-02-17 09:32:19,958] root - INFO - Drop null values colums from test df
[2023-02-17 09:32:19,960] root - INFO - Selecting column name which contain null values aboves to0.2
[2023-02-17 09:32:19,960] root - INFO - Column to drop :[]
[2023-02-17 09:32:19,965] root - INFO - Is all required columns present in train df
[2023-02-17 09:32:19,965] root - INFO - Is all required columns present in test df
[2023-02-17 09:32:19,966] root - INFO - As all column are available in train df hence detecting data drift
[2023-02-17 09:32:19,966] root - INFO - Hypothesis Daily Time Spent on Site: float64, float64 
[2023-02-17 09:32:19,975] root - INFO - Hypothesis Age: float64, float64 
[2023-02-17 09:32:19,982] root - INFO - Hypothesis Area Income: float64, float64 
[2023-02-17 09:32:19,989] root - INFO - Hypothesis Daily Internet Usage: float64, float64 
[2023-02-17 09:32:19,997] root - INFO - Hypothesis City: object, object 
[2023-02-17 09:32:20,040] root - INFO - Hypothesis Gender: object, object 
[2023-02-17 09:32:20,061] root - INFO - Hypothesis Country: object, object 
[2023-02-17 09:32:20,097] root - INFO - Hypothesis Clicked on Ad: int64, int64 
[2023-02-17 09:32:20,099] root - INFO - As all column are available in test df hence detecting data drift
[2023-02-17 09:32:20,099] root - INFO - Hypothesis Daily Time Spent on Site: float64, float64 
[2023-02-17 09:32:20,107] root - INFO - Hypothesis Age: float64, float64 
[2023-02-17 09:32:20,114] root - INFO - Hypothesis Area Income: float64, float64 
[2023-02-17 09:32:20,121] root - INFO - Hypothesis Daily Internet Usage: float64, float64 
[2023-02-17 09:32:20,128] root - INFO - Hypothesis City: object, object 
[2023-02-17 09:32:20,156] root - INFO - Hypothesis Gender: object, object 
[2023-02-17 09:32:20,170] root - INFO - Hypothesis Country: object, object 
[2023-02-17 09:32:20,195] root - INFO - Hypothesis Clicked on Ad: int64, int64 
[2023-02-17 09:32:20,196] root - INFO - Write reprt in yaml file
[2023-02-17 09:32:20,201] root - INFO - Data validation artifact: DataValidationArtifact(report_file_path='/config/workspace/artifact/02172023__093219/data_validation/report.yaml')
[2023-02-17 09:32:20,201] root - INFO - >>>>>>>>>>>>>>>>>>>>>>>>>>>>>>>>>>>>>>>> Data Transformation <<<<<<<<<<<<<<<<<<<<<<<<<<<<<<<<<<<<<<<<
