[2023-02-17 09:39:51,984] root - INFO - >>>>>>>>>>>>>>>>>>>>>>>>>>>>>>>>>>>>>>>> Data Ingestion <<<<<<<<<<<<<<<<<<<<<<<<<<<<<<<<<<<<<<<<
[2023-02-17 09:39:51,985] root - INFO - Exporting collection data as pandas dataframe
[2023-02-17 09:39:51,985] root - INFO - Reading data from database: ADS and collection: ADS CLICK SYSTEM
[2023-02-17 09:39:52,059] root - INFO - Found columns: Index(['_id', 'Daily Time Spent on Site', 'Age', 'Area Income',
       'Daily Internet Usage', 'City', 'Gender', 'Country', 'Clicked on Ad'],
      dtype='object')
[2023-02-17 09:39:52,060] root - INFO - Dropping column: _id 
[2023-02-17 09:39:52,062] root - INFO - Row and columns in df: (10000, 8)
[2023-02-17 09:39:52,062] root - INFO - Save data in feature store
[2023-02-17 09:39:52,064] root - INFO - Creating feature store if not exist
[2023-02-17 09:39:52,064] root - INFO - save df to feature store folder
[2023-02-17 09:39:52,118] root - INFO - split dataset into train and test set
[2023-02-17 09:39:52,120] root - INFO - create dataset directory folder if not available
[2023-02-17 09:39:52,121] root - INFO - save df to feature store folder
[2023-02-17 09:39:52,174] root - INFO - Data ingestion artifact: DataIngestionArtifact(feature_store_file_path='/config/workspace/artifact/02172023__093951/data_ingestion/feature_store/advertising.csv', train_file_path='/config/workspace/artifact/02172023__093951/data_ingestion/dataset/train.csv', test_file_path='/config/workspace/artifact/02172023__093951/data_ingestion/dataset/test.csv')
[2023-02-17 09:39:52,177] root - INFO - >>>>>>>>>>>>>>>>>>>>>>>>>>>>>>>>>>>>>>>> Data Validation <<<<<<<<<<<<<<<<<<<<<<<<<<<<<<<<<<<<<<<<
[2023-02-17 09:39:52,177] root - INFO - Reading base dataframe
[2023-02-17 09:39:52,193] root - INFO - Replace na value in base df
[2023-02-17 09:39:52,194] root - INFO - Drop null values colums from base df
[2023-02-17 09:39:52,199] root - INFO - Selecting column name which contain null values aboves to0.2
[2023-02-17 09:39:52,200] root - INFO - Column to drop :[]
[2023-02-17 09:39:52,201] root - INFO - Reading train dataframe
[2023-02-17 09:39:52,209] root - INFO - Reading test dataframe
[2023-02-17 09:39:52,213] root - INFO - Drop null values colums from train df
[2023-02-17 09:39:52,218] root - INFO - Selecting column name which contain null values aboves to0.2
[2023-02-17 09:39:52,218] root - INFO - Column to drop :[]
[2023-02-17 09:39:52,219] root - INFO - Drop null values colums from test df
[2023-02-17 09:39:52,221] root - INFO - Selecting column name which contain null values aboves to0.2
[2023-02-17 09:39:52,221] root - INFO - Column to drop :[]
[2023-02-17 09:39:52,227] root - INFO - Is all required columns present in train df
[2023-02-17 09:39:52,227] root - INFO - Is all required columns present in test df
[2023-02-17 09:39:52,227] root - INFO - As all column are available in train df hence detecting data drift
[2023-02-17 09:39:52,227] root - INFO - Hypothesis Daily Time Spent on Site: float64, float64 
[2023-02-17 09:39:52,236] root - INFO - Hypothesis Age: float64, float64 
[2023-02-17 09:39:52,243] root - INFO - Hypothesis Area Income: float64, float64 
[2023-02-17 09:39:52,250] root - INFO - Hypothesis Daily Internet Usage: float64, float64 
[2023-02-17 09:39:52,258] root - INFO - Hypothesis City: object, object 
[2023-02-17 09:39:52,299] root - INFO - Hypothesis Gender: object, object 
[2023-02-17 09:39:52,320] root - INFO - Hypothesis Country: object, object 
[2023-02-17 09:39:52,357] root - INFO - Hypothesis Clicked on Ad: int64, int64 
[2023-02-17 09:39:52,359] root - INFO - As all column are available in test df hence detecting data drift
[2023-02-17 09:39:52,359] root - INFO - Hypothesis Daily Time Spent on Site: float64, float64 
[2023-02-17 09:39:52,367] root - INFO - Hypothesis Age: float64, float64 
[2023-02-17 09:39:52,374] root - INFO - Hypothesis Area Income: float64, float64 
[2023-02-17 09:39:52,380] root - INFO - Hypothesis Daily Internet Usage: float64, float64 
[2023-02-17 09:39:52,387] root - INFO - Hypothesis City: object, object 
[2023-02-17 09:39:52,418] root - INFO - Hypothesis Gender: object, object 
[2023-02-17 09:39:52,432] root - INFO - Hypothesis Country: object, object 
[2023-02-17 09:39:52,456] root - INFO - Hypothesis Clicked on Ad: int64, int64 
[2023-02-17 09:39:52,458] root - INFO - Write reprt in yaml file
[2023-02-17 09:39:52,463] root - INFO - Data validation artifact: DataValidationArtifact(report_file_path='/config/workspace/artifact/02172023__093951/data_validation/report.yaml')
[2023-02-17 09:39:52,463] root - INFO - >>>>>>>>>>>>>>>>>>>>>>>>>>>>>>>>>>>>>>>> Data Transformation <<<<<<<<<<<<<<<<<<<<<<<<<<<<<<<<<<<<<<<<
[2023-02-17 09:39:52,508] root - INFO - >>>>>>>>>>>>>>>>>>>>>>>>>>>>>>>>>>>>>>>> Model Trainer <<<<<<<<<<<<<<<<<<<<<<<<<<<<<<<<<<<<<<<<
[2023-02-17 09:39:52,508] root - INFO - Loading train and test array.
[2023-02-17 09:39:52,513] root - INFO - Splitting input and target feature from both train and test arr.
[2023-02-17 09:39:52,513] root - INFO - Train the model
[2023-02-17 09:39:53,994] root - INFO - Calculating f1 train score
[2023-02-17 09:39:54,006] root - INFO - Calculating f1 test score
[2023-02-17 09:39:54,014] root - INFO - train score:0.9649368863955119 and tests score 0.7579173376274826
[2023-02-17 09:39:54,015] root - INFO - Checking if our model is underfitting or not
[2023-02-17 09:39:54,015] root - INFO - Checking if our model is overfiiting or not
