[2023-02-17 09:33:58,260] root - INFO - >>>>>>>>>>>>>>>>>>>>>>>>>>>>>>>>>>>>>>>> Data Ingestion <<<<<<<<<<<<<<<<<<<<<<<<<<<<<<<<<<<<<<<<
[2023-02-17 09:33:58,260] root - INFO - Exporting collection data as pandas dataframe
[2023-02-17 09:33:58,260] root - INFO - Reading data from database: ADS and collection: ADS CLICK SYSTEM
[2023-02-17 09:33:58,396] root - INFO - Found columns: Index(['_id', 'Daily Time Spent on Site', 'Age', 'Area Income',
       'Daily Internet Usage', 'City', 'Gender', 'Country', 'Clicked on Ad'],
      dtype='object')
[2023-02-17 09:33:58,397] root - INFO - Dropping column: _id 
[2023-02-17 09:33:58,399] root - INFO - Row and columns in df: (10000, 8)
[2023-02-17 09:33:58,399] root - INFO - Save data in feature store
[2023-02-17 09:33:58,401] root - INFO - Creating feature store if not exist
[2023-02-17 09:33:58,402] root - INFO - save df to feature store folder
[2023-02-17 09:33:58,456] root - INFO - split dataset into train and test set
[2023-02-17 09:33:58,459] root - INFO - create dataset directory folder if not available
[2023-02-17 09:33:58,460] root - INFO - save df to feature store folder
[2023-02-17 09:33:58,517] root - INFO - Data ingestion artifact: DataIngestionArtifact(feature_store_file_path='/config/workspace/artifact/02172023__093358/data_ingestion/feature_store/advertising.csv', train_file_path='/config/workspace/artifact/02172023__093358/data_ingestion/dataset/train.csv', test_file_path='/config/workspace/artifact/02172023__093358/data_ingestion/dataset/test.csv')
[2023-02-17 09:33:58,519] root - INFO - >>>>>>>>>>>>>>>>>>>>>>>>>>>>>>>>>>>>>>>> Data Validation <<<<<<<<<<<<<<<<<<<<<<<<<<<<<<<<<<<<<<<<
[2023-02-17 09:33:58,519] root - INFO - Reading base dataframe
[2023-02-17 09:33:58,535] root - INFO - Replace na value in base df
[2023-02-17 09:33:58,536] root - INFO - Drop null values colums from base df
[2023-02-17 09:33:58,541] root - INFO - Selecting column name which contain null values aboves to0.2
[2023-02-17 09:33:58,541] root - INFO - Column to drop :[]
[2023-02-17 09:33:58,542] root - INFO - Reading train dataframe
[2023-02-17 09:33:58,552] root - INFO - Reading test dataframe
[2023-02-17 09:33:58,556] root - INFO - Drop null values colums from train df
[2023-02-17 09:33:58,561] root - INFO - Selecting column name which contain null values aboves to0.2
[2023-02-17 09:33:58,561] root - INFO - Column to drop :[]
[2023-02-17 09:33:58,562] root - INFO - Drop null values colums from test df
[2023-02-17 09:33:58,564] root - INFO - Selecting column name which contain null values aboves to0.2
[2023-02-17 09:33:58,564] root - INFO - Column to drop :[]
[2023-02-17 09:33:58,569] root - INFO - Is all required columns present in train df
[2023-02-17 09:33:58,569] root - INFO - Is all required columns present in test df
[2023-02-17 09:33:58,569] root - INFO - As all column are available in train df hence detecting data drift
[2023-02-17 09:33:58,569] root - INFO - Hypothesis Daily Time Spent on Site: float64, float64 
[2023-02-17 09:33:58,578] root - INFO - Hypothesis Age: float64, float64 
[2023-02-17 09:33:58,586] root - INFO - Hypothesis Area Income: float64, float64 
[2023-02-17 09:33:58,593] root - INFO - Hypothesis Daily Internet Usage: float64, float64 
[2023-02-17 09:33:58,601] root - INFO - Hypothesis City: object, object 
[2023-02-17 09:33:58,643] root - INFO - Hypothesis Gender: object, object 
[2023-02-17 09:33:58,665] root - INFO - Hypothesis Country: object, object 
[2023-02-17 09:33:58,702] root - INFO - Hypothesis Clicked on Ad: int64, int64 
[2023-02-17 09:33:58,703] root - INFO - As all column are available in test df hence detecting data drift
[2023-02-17 09:33:58,703] root - INFO - Hypothesis Daily Time Spent on Site: float64, float64 
[2023-02-17 09:33:58,711] root - INFO - Hypothesis Age: float64, float64 
[2023-02-17 09:33:58,718] root - INFO - Hypothesis Area Income: float64, float64 
[2023-02-17 09:33:58,724] root - INFO - Hypothesis Daily Internet Usage: float64, float64 
[2023-02-17 09:33:58,731] root - INFO - Hypothesis City: object, object 
[2023-02-17 09:33:58,759] root - INFO - Hypothesis Gender: object, object 
[2023-02-17 09:33:58,773] root - INFO - Hypothesis Country: object, object 
[2023-02-17 09:33:58,797] root - INFO - Hypothesis Clicked on Ad: int64, int64 
[2023-02-17 09:33:58,798] root - INFO - Write reprt in yaml file
[2023-02-17 09:33:58,803] root - INFO - Data validation artifact: DataValidationArtifact(report_file_path='/config/workspace/artifact/02172023__093358/data_validation/report.yaml')
[2023-02-17 09:33:58,803] root - INFO - >>>>>>>>>>>>>>>>>>>>>>>>>>>>>>>>>>>>>>>> Data Transformation <<<<<<<<<<<<<<<<<<<<<<<<<<<<<<<<<<<<<<<<
