[2023-02-17 09:36:59,566] root - INFO - >>>>>>>>>>>>>>>>>>>>>>>>>>>>>>>>>>>>>>>> Data Ingestion <<<<<<<<<<<<<<<<<<<<<<<<<<<<<<<<<<<<<<<<
[2023-02-17 09:36:59,566] root - INFO - Exporting collection data as pandas dataframe
[2023-02-17 09:36:59,566] root - INFO - Reading data from database: ADS and collection: ADS CLICK SYSTEM
[2023-02-17 09:36:59,706] root - INFO - Found columns: Index(['_id', 'Daily Time Spent on Site', 'Age', 'Area Income',
       'Daily Internet Usage', 'City', 'Gender', 'Country', 'Clicked on Ad'],
      dtype='object')
[2023-02-17 09:36:59,706] root - INFO - Dropping column: _id 
[2023-02-17 09:36:59,708] root - INFO - Row and columns in df: (10000, 8)
[2023-02-17 09:36:59,709] root - INFO - Save data in feature store
[2023-02-17 09:36:59,710] root - INFO - Creating feature store if not exist
[2023-02-17 09:36:59,711] root - INFO - save df to feature store folder
[2023-02-17 09:36:59,767] root - INFO - split dataset into train and test set
[2023-02-17 09:36:59,769] root - INFO - create dataset directory folder if not available
[2023-02-17 09:36:59,770] root - INFO - save df to feature store folder
[2023-02-17 09:36:59,822] root - INFO - Data ingestion artifact: DataIngestionArtifact(feature_store_file_path='/config/workspace/artifact/02172023__093659/data_ingestion/feature_store/advertising.csv', train_file_path='/config/workspace/artifact/02172023__093659/data_ingestion/dataset/train.csv', test_file_path='/config/workspace/artifact/02172023__093659/data_ingestion/dataset/test.csv')
[2023-02-17 09:36:59,825] root - INFO - >>>>>>>>>>>>>>>>>>>>>>>>>>>>>>>>>>>>>>>> Data Validation <<<<<<<<<<<<<<<<<<<<<<<<<<<<<<<<<<<<<<<<
[2023-02-17 09:36:59,825] root - INFO - Reading base dataframe
[2023-02-17 09:36:59,842] root - INFO - Replace na value in base df
[2023-02-17 09:36:59,842] root - INFO - Drop null values colums from base df
[2023-02-17 09:36:59,848] root - INFO - Selecting column name which contain null values aboves to0.2
[2023-02-17 09:36:59,849] root - INFO - Column to drop :[]
[2023-02-17 09:36:59,850] root - INFO - Reading train dataframe
[2023-02-17 09:36:59,858] root - INFO - Reading test dataframe
[2023-02-17 09:36:59,862] root - INFO - Drop null values colums from train df
[2023-02-17 09:36:59,867] root - INFO - Selecting column name which contain null values aboves to0.2
[2023-02-17 09:36:59,868] root - INFO - Column to drop :[]
[2023-02-17 09:36:59,869] root - INFO - Drop null values colums from test df
[2023-02-17 09:36:59,870] root - INFO - Selecting column name which contain null values aboves to0.2
[2023-02-17 09:36:59,871] root - INFO - Column to drop :[]
[2023-02-17 09:36:59,876] root - INFO - Is all required columns present in train df
[2023-02-17 09:36:59,876] root - INFO - Is all required columns present in test df
[2023-02-17 09:36:59,876] root - INFO - As all column are available in train df hence detecting data drift
[2023-02-17 09:36:59,876] root - INFO - Hypothesis Daily Time Spent on Site: float64, float64 
[2023-02-17 09:36:59,885] root - INFO - Hypothesis Age: float64, float64 
[2023-02-17 09:36:59,893] root - INFO - Hypothesis Area Income: float64, float64 
[2023-02-17 09:36:59,900] root - INFO - Hypothesis Daily Internet Usage: float64, float64 
[2023-02-17 09:36:59,907] root - INFO - Hypothesis City: object, object 
[2023-02-17 09:36:59,949] root - INFO - Hypothesis Gender: object, object 
[2023-02-17 09:36:59,972] root - INFO - Hypothesis Country: object, object 
[2023-02-17 09:37:00,011] root - INFO - Hypothesis Clicked on Ad: int64, int64 
[2023-02-17 09:37:00,012] root - INFO - As all column are available in test df hence detecting data drift
[2023-02-17 09:37:00,013] root - INFO - Hypothesis Daily Time Spent on Site: float64, float64 
[2023-02-17 09:37:00,021] root - INFO - Hypothesis Age: float64, float64 
[2023-02-17 09:37:00,027] root - INFO - Hypothesis Area Income: float64, float64 
[2023-02-17 09:37:00,034] root - INFO - Hypothesis Daily Internet Usage: float64, float64 
[2023-02-17 09:37:00,041] root - INFO - Hypothesis City: object, object 
[2023-02-17 09:37:00,070] root - INFO - Hypothesis Gender: object, object 
[2023-02-17 09:37:00,083] root - INFO - Hypothesis Country: object, object 
[2023-02-17 09:37:00,107] root - INFO - Hypothesis Clicked on Ad: int64, int64 
[2023-02-17 09:37:00,109] root - INFO - Write reprt in yaml file
[2023-02-17 09:37:00,113] root - INFO - Data validation artifact: DataValidationArtifact(report_file_path='/config/workspace/artifact/02172023__093659/data_validation/report.yaml')
[2023-02-17 09:37:00,114] root - INFO - >>>>>>>>>>>>>>>>>>>>>>>>>>>>>>>>>>>>>>>> Data Transformation <<<<<<<<<<<<<<<<<<<<<<<<<<<<<<<<<<<<<<<<
[2023-02-17 09:37:00,157] root - INFO - >>>>>>>>>>>>>>>>>>>>>>>>>>>>>>>>>>>>>>>> Model Trainer <<<<<<<<<<<<<<<<<<<<<<<<<<<<<<<<<<<<<<<<
[2023-02-17 09:37:00,157] root - INFO - Loading train and test array.
[2023-02-17 09:37:00,162] root - INFO - Splitting input and target feature from both train and test arr.
[2023-02-17 09:37:00,162] root - INFO - Train the model
[2023-02-17 09:37:00,172] root - INFO - Calculating f1 train score
[2023-02-17 09:37:00,187] root - INFO - Calculating f1 test score
[2023-02-17 09:37:00,218] root - INFO - train score:0.7155939298796441 and tests score 0.6923076923076923
[2023-02-17 09:37:00,219] root - INFO - Checking if our model is underfitting or not
