[2023-02-17 10:32:52,487] root - INFO - >>>>>>>>>>>>>>>>>>>>>>>>>>>>>>>>>>>>>>>> Data Ingestion <<<<<<<<<<<<<<<<<<<<<<<<<<<<<<<<<<<<<<<<
[2023-02-17 10:32:52,487] root - INFO - Exporting collection data as pandas dataframe
[2023-02-17 10:32:52,487] root - INFO - Reading data from database: ADS and collection: ADS CLICK SYSTEM
[2023-02-17 10:32:52,561] root - INFO - Found columns: Index(['_id', 'Daily Time Spent on Site', 'Age', 'Area Income',
       'Daily Internet Usage', 'City', 'Gender', 'Country', 'Clicked on Ad'],
      dtype='object')
[2023-02-17 10:32:52,561] root - INFO - Dropping column: _id 
[2023-02-17 10:32:52,564] root - INFO - Row and columns in df: (10000, 8)
[2023-02-17 10:32:52,564] root - INFO - Save data in feature store
[2023-02-17 10:32:52,566] root - INFO - Creating feature store if not exist
[2023-02-17 10:32:52,567] root - INFO - save df to feature store folder
[2023-02-17 10:32:52,624] root - INFO - split dataset into train and test set
[2023-02-17 10:32:52,627] root - INFO - create dataset directory folder if not available
[2023-02-17 10:32:52,627] root - INFO - save df to feature store folder
[2023-02-17 10:32:52,681] root - INFO - Data ingestion artifact: DataIngestionArtifact(feature_store_file_path='/config/workspace/artifact/02172023__103252/data_ingestion/feature_store/advertising.csv', train_file_path='/config/workspace/artifact/02172023__103252/data_ingestion/dataset/train.csv', test_file_path='/config/workspace/artifact/02172023__103252/data_ingestion/dataset/test.csv')
[2023-02-17 10:32:52,683] root - INFO - >>>>>>>>>>>>>>>>>>>>>>>>>>>>>>>>>>>>>>>> Data Validation <<<<<<<<<<<<<<<<<<<<<<<<<<<<<<<<<<<<<<<<
[2023-02-17 10:32:52,684] root - INFO - Reading base dataframe
[2023-02-17 10:32:52,694] root - INFO - Replace na value in base df
[2023-02-17 10:32:52,694] root - INFO - Drop null values colums from base df
[2023-02-17 10:32:52,696] root - INFO - Selecting column name which contain null values aboves to0.2
[2023-02-17 10:32:52,697] root - INFO - Column to drop :[]
[2023-02-17 10:32:52,698] root - INFO - Reading train dataframe
[2023-02-17 10:32:52,706] root - INFO - Reading test dataframe
[2023-02-17 10:32:52,710] root - INFO - Drop null values colums from train df
[2023-02-17 10:32:52,716] root - INFO - Selecting column name which contain null values aboves to0.2
[2023-02-17 10:32:52,716] root - INFO - Column to drop :[]
[2023-02-17 10:32:52,717] root - INFO - Drop null values colums from test df
[2023-02-17 10:32:52,719] root - INFO - Selecting column name which contain null values aboves to0.2
[2023-02-17 10:32:52,719] root - INFO - Column to drop :[]
[2023-02-17 10:32:52,724] root - INFO - Is all required columns present in train df
[2023-02-17 10:32:52,725] root - INFO - Is all required columns present in test df
[2023-02-17 10:32:52,725] root - INFO - As all column are available in train df hence detecting data drift
[2023-02-17 10:32:52,725] root - INFO - Hypothesis Daily Time Spent on Site: float64, float64 
[2023-02-17 10:32:52,734] root - INFO - Hypothesis Age: float64, float64 
[2023-02-17 10:32:52,741] root - INFO - Hypothesis Area Income: float64, float64 
[2023-02-17 10:32:52,748] root - INFO - Hypothesis Daily Internet Usage: float64, float64 
[2023-02-17 10:32:52,756] root - INFO - Hypothesis Gender: object, object 
[2023-02-17 10:32:52,779] root - INFO - Hypothesis Clicked on Ad: int64, int64 
[2023-02-17 10:32:52,780] root - INFO - As all column are available in test df hence detecting data drift
[2023-02-17 10:32:52,780] root - INFO - Hypothesis Daily Time Spent on Site: float64, float64 
[2023-02-17 10:32:52,789] root - INFO - Hypothesis Age: float64, float64 
[2023-02-17 10:32:52,796] root - INFO - Hypothesis Area Income: float64, float64 
[2023-02-17 10:32:52,802] root - INFO - Hypothesis Daily Internet Usage: float64, float64 
[2023-02-17 10:32:52,809] root - INFO - Hypothesis Gender: object, object 
[2023-02-17 10:32:52,824] root - INFO - Hypothesis Clicked on Ad: int64, int64 
[2023-02-17 10:32:52,825] root - INFO - Write reprt in yaml file
[2023-02-17 10:32:52,829] root - INFO - Data validation artifact: DataValidationArtifact(report_file_path='/config/workspace/artifact/02172023__103252/data_validation/report.yaml')
[2023-02-17 10:32:52,829] root - INFO - >>>>>>>>>>>>>>>>>>>>>>>>>>>>>>>>>>>>>>>> Data Transformation <<<<<<<<<<<<<<<<<<<<<<<<<<<<<<<<<<<<<<<<
[2023-02-17 10:32:52,874] root - INFO - >>>>>>>>>>>>>>>>>>>>>>>>>>>>>>>>>>>>>>>> Model Trainer <<<<<<<<<<<<<<<<<<<<<<<<<<<<<<<<<<<<<<<<
[2023-02-17 10:32:52,874] root - INFO - Loading train and test array.
[2023-02-17 10:32:52,880] root - INFO - Splitting input and target feature from both train and test arr.
[2023-02-17 10:32:52,880] root - INFO - Train the model
[2023-02-17 10:32:59,900] root - INFO - Calculating f1 train score
[2023-02-17 10:32:59,917] root - INFO - Calculating f1 test score
[2023-02-17 10:32:59,927] root - INFO - train score:0.9649368863955119 and tests score 0.7579173376274826
[2023-02-17 10:32:59,927] root - INFO - Checking if our model is underfitting or not
[2023-02-17 10:32:59,927] root - INFO - Checking if our model is overfiiting or not
[2023-02-17 10:32:59,927] root - INFO - Saving mode object
[2023-02-17 10:32:59,933] root - INFO - Prepare the artifact
[2023-02-17 10:32:59,933] root - INFO - Model trainer artifact: ModelTrainerArtifact(model_path='/config/workspace/artifact/02172023__103252/model_trainer/model/model.pkl', f1_train_score=0.9649368863955119, f1_test_score=0.7579173376274826)
[2023-02-17 10:32:59,933] root - INFO - >>>>>>>>>>>>>>>>>>>>>>>>>>>>>>>>>>>>>>>>  Model Evaluation <<<<<<<<<<<<<<<<<<<<<<<<<<<<<<<<<<<<<<<<
[2023-02-17 10:32:59,933] root - INFO - if saved model folder has model the we will compare which model is best trained or the model from saved model folder
[2023-02-17 10:32:59,933] root - INFO - Model evaluation artifact: ModelEvaluationArtifact(is_model_accepted=True, improved_accuracy=None)
[2023-02-17 10:32:59,934] root - INFO - >>>>>>>>>>>>>>>>>>>>>>>>>>>>>>>>>>>>>>>> Data Transformation <<<<<<<<<<<<<<<<<<<<<<<<<<<<<<<<<<<<<<<<
[2023-02-17 10:32:59,934] root - INFO - Loading transformer model and target encoder
[2023-02-17 10:32:59,939] root - INFO - Saving model into model pusher directory
[2023-02-17 10:32:59,949] root - INFO - Saving model in saved model dir
[2023-02-17 10:32:59,956] root - INFO - Model pusher artifact: ModelPusherArtifact(pusher_model_dir='/config/workspace/artifact/02172023__103252/model_pusher/saved_models', saved_model_dir='saved_models')
