[2023-02-17 09:49:13,093] root - INFO - >>>>>>>>>>>>>>>>>>>>>>>>>>>>>>>>>>>>>>>> Data Ingestion <<<<<<<<<<<<<<<<<<<<<<<<<<<<<<<<<<<<<<<<
[2023-02-17 09:49:13,093] root - INFO - Exporting collection data as pandas dataframe
[2023-02-17 09:49:13,093] root - INFO - Reading data from database: ADS and collection: ADS CLICK SYSTEM
[2023-02-17 09:49:13,169] root - INFO - Found columns: Index(['_id', 'Daily Time Spent on Site', 'Age', 'Area Income',
       'Daily Internet Usage', 'City', 'Gender', 'Country', 'Clicked on Ad'],
      dtype='object')
[2023-02-17 09:49:13,169] root - INFO - Dropping column: _id 
[2023-02-17 09:49:13,172] root - INFO - Row and columns in df: (10000, 8)
[2023-02-17 09:49:13,172] root - INFO - Save data in feature store
[2023-02-17 09:49:13,173] root - INFO - Creating feature store if not exist
[2023-02-17 09:49:13,174] root - INFO - save df to feature store folder
[2023-02-17 09:49:13,227] root - INFO - split dataset into train and test set
[2023-02-17 09:49:13,230] root - INFO - create dataset directory folder if not available
[2023-02-17 09:49:13,230] root - INFO - save df to feature store folder
[2023-02-17 09:49:13,288] root - INFO - Data ingestion artifact: DataIngestionArtifact(feature_store_file_path='/config/workspace/artifact/02172023__094913/data_ingestion/feature_store/advertising.csv', train_file_path='/config/workspace/artifact/02172023__094913/data_ingestion/dataset/train.csv', test_file_path='/config/workspace/artifact/02172023__094913/data_ingestion/dataset/test.csv')
[2023-02-17 09:49:13,291] root - INFO - >>>>>>>>>>>>>>>>>>>>>>>>>>>>>>>>>>>>>>>> Data Validation <<<<<<<<<<<<<<<<<<<<<<<<<<<<<<<<<<<<<<<<
[2023-02-17 09:49:13,291] root - INFO - Reading base dataframe
[2023-02-17 09:49:13,300] root - INFO - Replace na value in base df
[2023-02-17 09:49:13,300] root - INFO - Drop null values colums from base df
[2023-02-17 09:49:13,303] root - INFO - Selecting column name which contain null values aboves to0.2
[2023-02-17 09:49:13,303] root - INFO - Column to drop :[]
[2023-02-17 09:49:13,304] root - INFO - Reading train dataframe
[2023-02-17 09:49:13,312] root - INFO - Reading test dataframe
[2023-02-17 09:49:13,316] root - INFO - Drop null values colums from train df
[2023-02-17 09:49:13,320] root - INFO - Selecting column name which contain null values aboves to0.2
[2023-02-17 09:49:13,321] root - INFO - Column to drop :[]
[2023-02-17 09:49:13,322] root - INFO - Drop null values colums from test df
[2023-02-17 09:49:13,323] root - INFO - Selecting column name which contain null values aboves to0.2
[2023-02-17 09:49:13,324] root - INFO - Column to drop :[]
[2023-02-17 09:49:13,329] root - INFO - Is all required columns present in train df
[2023-02-17 09:49:13,329] root - INFO - Is all required columns present in test df
[2023-02-17 09:49:13,329] root - INFO - As all column are available in train df hence detecting data drift
[2023-02-17 09:49:13,329] root - INFO - Hypothesis Daily Time Spent on Site: float64, float64 
[2023-02-17 09:49:13,338] root - INFO - Hypothesis Age: float64, float64 
[2023-02-17 09:49:13,346] root - INFO - Hypothesis Area Income: float64, float64 
[2023-02-17 09:49:13,353] root - INFO - Hypothesis Daily Internet Usage: float64, float64 
[2023-02-17 09:49:13,360] root - INFO - Hypothesis Gender: object, object 
[2023-02-17 09:49:13,382] root - INFO - Hypothesis Clicked on Ad: int64, int64 
[2023-02-17 09:49:13,383] root - INFO - As all column are available in test df hence detecting data drift
[2023-02-17 09:49:13,383] root - INFO - Hypothesis Daily Time Spent on Site: float64, float64 
[2023-02-17 09:49:13,391] root - INFO - Hypothesis Age: float64, float64 
[2023-02-17 09:49:13,398] root - INFO - Hypothesis Area Income: float64, float64 
[2023-02-17 09:49:13,404] root - INFO - Hypothesis Daily Internet Usage: float64, float64 
[2023-02-17 09:49:13,411] root - INFO - Hypothesis Gender: object, object 
[2023-02-17 09:49:13,426] root - INFO - Hypothesis Clicked on Ad: int64, int64 
[2023-02-17 09:49:13,427] root - INFO - Write reprt in yaml file
[2023-02-17 09:49:13,431] root - INFO - Data validation artifact: DataValidationArtifact(report_file_path='/config/workspace/artifact/02172023__094913/data_validation/report.yaml')
[2023-02-17 09:49:13,431] root - INFO - >>>>>>>>>>>>>>>>>>>>>>>>>>>>>>>>>>>>>>>> Data Transformation <<<<<<<<<<<<<<<<<<<<<<<<<<<<<<<<<<<<<<<<
[2023-02-17 09:49:13,473] root - INFO - >>>>>>>>>>>>>>>>>>>>>>>>>>>>>>>>>>>>>>>> Model Trainer <<<<<<<<<<<<<<<<<<<<<<<<<<<<<<<<<<<<<<<<
[2023-02-17 09:49:13,473] root - INFO - Loading train and test array.
[2023-02-17 09:49:13,478] root - INFO - Splitting input and target feature from both train and test arr.
[2023-02-17 09:49:13,478] root - INFO - Train the model
[2023-02-17 09:49:15,102] root - INFO - Calculating f1 train score
[2023-02-17 09:49:15,116] root - INFO - Calculating f1 test score
[2023-02-17 09:49:15,124] root - INFO - train score:0.9649368863955119 and tests score 0.7579173376274826
[2023-02-17 09:49:15,124] root - INFO - Checking if our model is underfitting or not
[2023-02-17 09:49:15,124] root - INFO - Checking if our model is overfiiting or not
[2023-02-17 09:49:15,124] root - INFO - Saving mode object
[2023-02-17 09:49:15,129] root - INFO - Prepare the artifact
[2023-02-17 09:49:15,130] root - INFO - Model trainer artifact: ModelTrainerArtifact(model_path='/config/workspace/artifact/02172023__094913/model_trainer/model/model.pkl', f1_train_score=0.9649368863955119, f1_test_score=0.7579173376274826)
[2023-02-17 09:49:15,130] root - INFO - >>>>>>>>>>>>>>>>>>>>>>>>>>>>>>>>>>>>>>>>  Model Evaluation <<<<<<<<<<<<<<<<<<<<<<<<<<<<<<<<<<<<<<<<
