[2023-02-17 09:36:06,805] root - INFO - >>>>>>>>>>>>>>>>>>>>>>>>>>>>>>>>>>>>>>>> Data Ingestion <<<<<<<<<<<<<<<<<<<<<<<<<<<<<<<<<<<<<<<<
[2023-02-17 09:36:06,806] root - INFO - Exporting collection data as pandas dataframe
[2023-02-17 09:36:06,806] root - INFO - Reading data from database: ADS and collection: ADS CLICK SYSTEM
[2023-02-17 09:36:06,945] root - INFO - Found columns: Index(['_id', 'Daily Time Spent on Site', 'Age', 'Area Income',
       'Daily Internet Usage', 'City', 'Gender', 'Country', 'Clicked on Ad'],
      dtype='object')
[2023-02-17 09:36:06,945] root - INFO - Dropping column: _id 
[2023-02-17 09:36:06,947] root - INFO - Row and columns in df: (10000, 8)
[2023-02-17 09:36:06,948] root - INFO - Save data in feature store
[2023-02-17 09:36:06,949] root - INFO - Creating feature store if not exist
[2023-02-17 09:36:06,950] root - INFO - save df to feature store folder
[2023-02-17 09:36:07,004] root - INFO - split dataset into train and test set
[2023-02-17 09:36:07,007] root - INFO - create dataset directory folder if not available
[2023-02-17 09:36:07,007] root - INFO - save df to feature store folder
[2023-02-17 09:36:07,061] root - INFO - Data ingestion artifact: DataIngestionArtifact(feature_store_file_path='/config/workspace/artifact/02172023__093606/data_ingestion/feature_store/advertising.csv', train_file_path='/config/workspace/artifact/02172023__093606/data_ingestion/dataset/train.csv', test_file_path='/config/workspace/artifact/02172023__093606/data_ingestion/dataset/test.csv')
[2023-02-17 09:36:07,064] root - INFO - >>>>>>>>>>>>>>>>>>>>>>>>>>>>>>>>>>>>>>>> Data Validation <<<<<<<<<<<<<<<<<<<<<<<<<<<<<<<<<<<<<<<<
[2023-02-17 09:36:07,064] root - INFO - Reading base dataframe
[2023-02-17 09:36:07,080] root - INFO - Replace na value in base df
[2023-02-17 09:36:07,080] root - INFO - Drop null values colums from base df
[2023-02-17 09:36:07,087] root - INFO - Selecting column name which contain null values aboves to0.2
[2023-02-17 09:36:07,087] root - INFO - Column to drop :[]
[2023-02-17 09:36:07,088] root - INFO - Reading train dataframe
[2023-02-17 09:36:07,098] root - INFO - Reading test dataframe
[2023-02-17 09:36:07,102] root - INFO - Drop null values colums from train df
[2023-02-17 09:36:07,107] root - INFO - Selecting column name which contain null values aboves to0.2
[2023-02-17 09:36:07,108] root - INFO - Column to drop :[]
[2023-02-17 09:36:07,109] root - INFO - Drop null values colums from test df
[2023-02-17 09:36:07,110] root - INFO - Selecting column name which contain null values aboves to0.2
[2023-02-17 09:36:07,111] root - INFO - Column to drop :[]
[2023-02-17 09:36:07,116] root - INFO - Is all required columns present in train df
[2023-02-17 09:36:07,116] root - INFO - Is all required columns present in test df
[2023-02-17 09:36:07,116] root - INFO - As all column are available in train df hence detecting data drift
[2023-02-17 09:36:07,116] root - INFO - Hypothesis Daily Time Spent on Site: float64, float64 
[2023-02-17 09:36:07,125] root - INFO - Hypothesis Age: float64, float64 
[2023-02-17 09:36:07,133] root - INFO - Hypothesis Area Income: float64, float64 
[2023-02-17 09:36:07,141] root - INFO - Hypothesis Daily Internet Usage: float64, float64 
[2023-02-17 09:36:07,149] root - INFO - Hypothesis City: object, object 
[2023-02-17 09:36:07,191] root - INFO - Hypothesis Gender: object, object 
[2023-02-17 09:36:07,216] root - INFO - Hypothesis Country: object, object 
[2023-02-17 09:36:07,257] root - INFO - Hypothesis Clicked on Ad: int64, int64 
[2023-02-17 09:36:07,258] root - INFO - As all column are available in test df hence detecting data drift
[2023-02-17 09:36:07,259] root - INFO - Hypothesis Daily Time Spent on Site: float64, float64 
[2023-02-17 09:36:07,266] root - INFO - Hypothesis Age: float64, float64 
[2023-02-17 09:36:07,273] root - INFO - Hypothesis Area Income: float64, float64 
[2023-02-17 09:36:07,279] root - INFO - Hypothesis Daily Internet Usage: float64, float64 
[2023-02-17 09:36:07,286] root - INFO - Hypothesis City: object, object 
[2023-02-17 09:36:07,316] root - INFO - Hypothesis Gender: object, object 
[2023-02-17 09:36:07,330] root - INFO - Hypothesis Country: object, object 
[2023-02-17 09:36:07,355] root - INFO - Hypothesis Clicked on Ad: int64, int64 
[2023-02-17 09:36:07,356] root - INFO - Write reprt in yaml file
[2023-02-17 09:36:07,361] root - INFO - Data validation artifact: DataValidationArtifact(report_file_path='/config/workspace/artifact/02172023__093606/data_validation/report.yaml')
[2023-02-17 09:36:07,362] root - INFO - >>>>>>>>>>>>>>>>>>>>>>>>>>>>>>>>>>>>>>>> Data Transformation <<<<<<<<<<<<<<<<<<<<<<<<<<<<<<<<<<<<<<<<
[2023-02-17 09:36:07,404] root - INFO - >>>>>>>>>>>>>>>>>>>>>>>>>>>>>>>>>>>>>>>> Model Trainer <<<<<<<<<<<<<<<<<<<<<<<<<<<<<<<<<<<<<<<<
[2023-02-17 09:36:07,404] root - INFO - Loading train and test array.
