[2023-02-17 09:52:21,189] root - INFO - >>>>>>>>>>>>>>>>>>>>>>>>>>>>>>>>>>>>>>>> Data Ingestion <<<<<<<<<<<<<<<<<<<<<<<<<<<<<<<<<<<<<<<<
[2023-02-17 09:52:21,189] root - INFO - Exporting collection data as pandas dataframe
[2023-02-17 09:52:21,189] root - INFO - Reading data from database: ADS and collection: ADS CLICK SYSTEM
[2023-02-17 09:52:21,258] root - INFO - Found columns: Index(['_id', 'Daily Time Spent on Site', 'Age', 'Area Income',
       'Daily Internet Usage', 'City', 'Gender', 'Country', 'Clicked on Ad'],
      dtype='object')
[2023-02-17 09:52:21,258] root - INFO - Dropping column: _id 
[2023-02-17 09:52:21,260] root - INFO - Row and columns in df: (10000, 8)
[2023-02-17 09:52:21,260] root - INFO - Save data in feature store
[2023-02-17 09:52:21,262] root - INFO - Creating feature store if not exist
[2023-02-17 09:52:21,263] root - INFO - save df to feature store folder
[2023-02-17 09:52:21,316] root - INFO - split dataset into train and test set
[2023-02-17 09:52:21,319] root - INFO - create dataset directory folder if not available
[2023-02-17 09:52:21,319] root - INFO - save df to feature store folder
[2023-02-17 09:52:21,375] root - INFO - Data ingestion artifact: DataIngestionArtifact(feature_store_file_path='/config/workspace/artifact/02172023__095221/data_ingestion/feature_store/advertising.csv', train_file_path='/config/workspace/artifact/02172023__095221/data_ingestion/dataset/train.csv', test_file_path='/config/workspace/artifact/02172023__095221/data_ingestion/dataset/test.csv')
[2023-02-17 09:52:21,377] root - INFO - >>>>>>>>>>>>>>>>>>>>>>>>>>>>>>>>>>>>>>>> Data Validation <<<<<<<<<<<<<<<<<<<<<<<<<<<<<<<<<<<<<<<<
[2023-02-17 09:52:21,377] root - INFO - Reading base dataframe
[2023-02-17 09:52:21,386] root - INFO - Replace na value in base df
[2023-02-17 09:52:21,387] root - INFO - Drop null values colums from base df
[2023-02-17 09:52:21,389] root - INFO - Selecting column name which contain null values aboves to0.2
[2023-02-17 09:52:21,390] root - INFO - Column to drop :[]
[2023-02-17 09:52:21,390] root - INFO - Reading train dataframe
[2023-02-17 09:52:21,399] root - INFO - Reading test dataframe
[2023-02-17 09:52:21,403] root - INFO - Drop null values colums from train df
[2023-02-17 09:52:21,408] root - INFO - Selecting column name which contain null values aboves to0.2
[2023-02-17 09:52:21,408] root - INFO - Column to drop :[]
[2023-02-17 09:52:21,409] root - INFO - Drop null values colums from test df
[2023-02-17 09:52:21,411] root - INFO - Selecting column name which contain null values aboves to0.2
[2023-02-17 09:52:21,411] root - INFO - Column to drop :[]
[2023-02-17 09:52:21,416] root - INFO - Is all required columns present in train df
[2023-02-17 09:52:21,416] root - INFO - Is all required columns present in test df
[2023-02-17 09:52:21,416] root - INFO - As all column are available in train df hence detecting data drift
[2023-02-17 09:52:21,416] root - INFO - Hypothesis Daily Time Spent on Site: float64, float64 
[2023-02-17 09:52:21,425] root - INFO - Hypothesis Age: float64, float64 
[2023-02-17 09:52:21,433] root - INFO - Hypothesis Area Income: float64, float64 
[2023-02-17 09:52:21,440] root - INFO - Hypothesis Daily Internet Usage: float64, float64 
[2023-02-17 09:52:21,447] root - INFO - Hypothesis Gender: object, object 
[2023-02-17 09:52:21,470] root - INFO - Hypothesis Clicked on Ad: int64, int64 
[2023-02-17 09:52:21,472] root - INFO - As all column are available in test df hence detecting data drift
[2023-02-17 09:52:21,472] root - INFO - Hypothesis Daily Time Spent on Site: float64, float64 
[2023-02-17 09:52:21,480] root - INFO - Hypothesis Age: float64, float64 
[2023-02-17 09:52:21,487] root - INFO - Hypothesis Area Income: float64, float64 
[2023-02-17 09:52:21,493] root - INFO - Hypothesis Daily Internet Usage: float64, float64 
[2023-02-17 09:52:21,500] root - INFO - Hypothesis Gender: object, object 
[2023-02-17 09:52:21,514] root - INFO - Hypothesis Clicked on Ad: int64, int64 
[2023-02-17 09:52:21,515] root - INFO - Write reprt in yaml file
[2023-02-17 09:52:21,519] root - INFO - Data validation artifact: DataValidationArtifact(report_file_path='/config/workspace/artifact/02172023__095221/data_validation/report.yaml')
[2023-02-17 09:52:21,519] root - INFO - >>>>>>>>>>>>>>>>>>>>>>>>>>>>>>>>>>>>>>>> Data Transformation <<<<<<<<<<<<<<<<<<<<<<<<<<<<<<<<<<<<<<<<
[2023-02-17 09:52:21,562] root - INFO - >>>>>>>>>>>>>>>>>>>>>>>>>>>>>>>>>>>>>>>> Model Trainer <<<<<<<<<<<<<<<<<<<<<<<<<<<<<<<<<<<<<<<<
[2023-02-17 09:52:21,562] root - INFO - Loading train and test array.
[2023-02-17 09:52:21,566] root - INFO - Splitting input and target feature from both train and test arr.
[2023-02-17 09:52:21,567] root - INFO - Train the model
[2023-02-17 09:52:24,040] root - INFO - Calculating f1 train score
[2023-02-17 09:52:24,061] root - INFO - Calculating f1 test score
[2023-02-17 09:52:24,068] root - INFO - train score:0.9649368863955119 and tests score 0.7579173376274826
[2023-02-17 09:52:24,068] root - INFO - Checking if our model is underfitting or not
[2023-02-17 09:52:24,068] root - INFO - Checking if our model is overfiiting or not
[2023-02-17 09:52:24,068] root - INFO - Saving mode object
[2023-02-17 09:52:24,074] root - INFO - Prepare the artifact
[2023-02-17 09:52:24,074] root - INFO - Model trainer artifact: ModelTrainerArtifact(model_path='/config/workspace/artifact/02172023__095221/model_trainer/model/model.pkl', f1_train_score=0.9649368863955119, f1_test_score=0.7579173376274826)
[2023-02-17 09:52:24,075] root - INFO - >>>>>>>>>>>>>>>>>>>>>>>>>>>>>>>>>>>>>>>>  Model Evaluation <<<<<<<<<<<<<<<<<<<<<<<<<<<<<<<<<<<<<<<<
[2023-02-17 09:52:24,075] root - INFO - if saved model folder has model the we will compare which model is best trained or the model from saved model folder
[2023-02-17 09:52:24,075] root - INFO - Model evaluation artifact: ModelEvaluationArtifact(is_model_accepted=True, improved_accuracy=None)
[2023-02-17 09:52:24,076] root - INFO - >>>>>>>>>>>>>>>>>>>>>>>>>>>>>>>>>>>>>>>> Data Transformation <<<<<<<<<<<<<<<<<<<<<<<<<<<<<<<<<<<<<<<<
[2023-02-17 09:52:24,076] root - INFO - Loading transformer model and target encoder
[2023-02-17 09:52:24,081] root - INFO - Saving model into model pusher directory
[2023-02-17 09:52:24,091] root - INFO - Saving model in saved model dir
